{"level":"info","message":"Mail gönderildi","messageId":"<9b3f4f90-fef8-08f9-24c4-99d250f89288@c-prot.com>","subject":"Test Mail","timestamp":"2024-10-19T07:19:58.156Z","to":"agahdeneme1@gmail.com"}
{"level":"info","message":"Mail gönderildi","messageId":"<2a91cb61-bf06-05ae-21d1-10ffd6137434@c-prot.com>","subject":"C-Prot Links | $(name) tarafından gönderilen bir mesajınız var","timestamp":"2024-10-19T07:27:27.150Z","to":"agahdeneme1@gmail.com"}
{"level":"info","message":"Mail gönderildi","messageId":"<c1578b86-db03-9668-76fa-4528b3b53a39@c-prot.com>","subject":"C-Prot Links | $(name) tarafından gönderilen bir mesajınız var","timestamp":"2024-10-19T07:28:20.613Z","to":"agahdeneme1@gmail.com"}
{"level":"info","message":"Mail gönderildi","messageId":"<a122cda8-e9cd-084e-1c0f-640ba15fb040@c-prot.com>","subject":"C-Prot Links | $(name) tarafından gönderilen bir mesajınız var","timestamp":"2024-10-19T08:43:17.006Z","to":"agahdeneme1@gmail.com"}
{"level":"info","message":"Mail gönderildi","messageId":"<b2fd7b7e-977a-1687-5611-cafa2d4bd383@c-prot.com>","subject":"C-Prot Links | $(name) tarafından gönderilen bir mesajınız var","timestamp":"2024-10-19T08:44:27.579Z","to":"agahdeneme1@gmail.com"}
{"level":"info","message":"Mail gönderildi","messageId":"<02a3e7a3-5ff5-7132-383a-7e415a03b5c3@c-prot.com>","subject":"C-Prot Links | $(name) tarafından gönderilen bir mesajınız var","timestamp":"2024-10-19T08:53:31.248Z","to":"agahdeneme1@gmail.com"}
{"level":"info","message":"Mail gönderildi","messageId":"<42bb05c0-62cc-329b-a98c-40d458f9ab13@c-prot.com>","subject":"C-Prot Links | $(name) tarafından gönderilen bir mesajınız var","timestamp":"2024-10-19T08:56:07.224Z","to":"agahdeneme1@gmail.com"}
{"level":"info","message":"Mail gönderildi","messageId":"<9d7874f6-df52-4762-1ecc-78c42860d658@c-prot.com>","subject":"C-Prot Links | Agah Kanat tarafından gönderilen bir mesajınız var","timestamp":"2024-10-19T08:58:44.483Z","to":"agahdeneme1@gmail.com"}
{"level":"info","message":"Mail gönderildi","messageId":"<ff07fd2c-b647-66dd-ce7e-58751953d1a8@c-prot.com>","subject":"C-Prot Links | Agah Kanat tarafından gönderilen bir mesajınız var","timestamp":"2024-10-19T09:01:33.834Z","to":"agahdeneme1@gmail.com"}
{"level":"info","message":"Mail gönderildi","messageId":"<b8973829-adbe-062c-d57b-9b4fe0e1aa20@c-prot.com>","subject":"C-Prot Links | Agah Kanat tarafından gönderilen bir mesajınız var","timestamp":"2024-10-19T09:04:51.272Z","to":"agahdeneme1@gmail.com"}
{"error":"Invalid login: 504 5.7.4 Unrecognized authentication type","level":"error","message":"Mail gönderim hatası","subject":"C-Prot Links | Agah Kanat tarafından gönderilen bir mesajınız var","timestamp":"2024-10-19T09:05:46.577Z","to":"agahdeneme1@gmail.com"}
{"error":"Invalid login: 504 5.7.4 Unrecognized authentication type","level":"error","message":"Mail gönderim hatası","subject":"C-Prot Links | Agah Kanat tarafından gönderilen bir mesajınız var","timestamp":"2024-10-19T09:17:46.435Z","to":"agahdeneme1@gmail.com"}
{"error":"Invalid login: 504 5.7.4 Unrecognized authentication type","level":"error","message":"Mail gönderim hatası","subject":"C-Prot Links | Agah Kanat tarafından gönderilen bir mesajınız var","timestamp":"2024-10-19T09:18:03.700Z","to":"agahdeneme1@gmail.com"}
{"error":"Invalid login: 504 5.7.4 Unrecognized authentication type","level":"error","message":"Mail gönderim hatası","subject":"C-Prot Links | Agah Kana tarafından gönderilen bir mesajınız var","timestamp":"2024-10-19T09:21:20.152Z","to":"agahdeneme1@gmail.com"}
{"level":"info","message":"Mail gönderildi","messageId":"<79bfd192-9b44-654f-7649-b30b97df1e6c@c-prot.com>","subject":"C-Prot Links | Agah Kanat tarafından gönderilen bir mesajınız var","timestamp":"2024-10-19T10:13:11.477Z","to":"agahdeneme1@gmail.com"}
{"level":"info","message":"Mail gönderildi","messageId":"<1d43d9c9-c9e4-04f8-d047-9dccebe3960a@c-prot.com>","subject":"C-Prot Links | Agah Kanat tarafından gönderilen bir mesajınız var","timestamp":"2024-10-19T11:26:56.070Z","to":"agahdeneme1@gmail.com"}
{"level":"info","message":"Mail gönderildi","messageId":"<4f1dd9f7-76a4-d575-3d98-3cbdb848fdd4@c-prot.com>","subject":"C-Prot Links | Backend tarafından gönderilen bir mesajınız var","timestamp":"2024-10-19T12:27:06.005Z","to":"agahdeneme1@gmail.com"}
{"level":"info","message":"Mail gönderildi","messageId":"<a142cd61-3ea6-bc57-e61b-4b795aad5aab@c-prot.com>","subject":"C-Prot Links | Agah Kanat tarafından gönderilen bir mesajınız var","timestamp":"2024-10-19T12:29:31.874Z","to":"agahdeneme1@gmail.com"}
{"level":"info","message":"Mail gönderildi","messageId":"<e218ea59-e0a2-6b0c-5d09-2caa8e134d9c@c-prot.com>","subject":"C-Prot Links | Agah Kanat tarafından gönderilen bir mesajınız var","timestamp":"2024-10-19T12:33:32.921Z","to":"agahdeneme1@gmail.com"}
{"level":"info","message":"Mail gönderildi","messageId":"<997cab2b-f3b1-51d7-5195-81e9ca3d63de@c-prot.com>","subject":"C-Prot Links | Agah Kanat tarafından gönderilen bir mesajınız var","timestamp":"2024-10-19T12:36:54.483Z","to":"agahdeneme1@gmail.com"}
{"level":"info","message":"Mail gönderildi","messageId":"<4fa25d5d-1d3c-575f-2963-0f77530f4d00@c-prot.com>","subject":"C-Prot Links | Agah Kanat tarafından gönderilen bir mesajınız var","timestamp":"2024-10-19T12:41:59.807Z","to":"support@c-prot.com"}
